<?xml version="1.0" encoding="UTF-8"?>
<!-- Generated by org.testng.reporters.JUnitXMLReporter -->
<testsuite ignored="0" hostname="LAPTOP-0F50EI7N" failures="0" tests="3" name="login test with chrome browser" time="36.175" errors="0" timestamp="2020-05-02T00:43:04 EDT">
  <testcase classname="net.automationpractice.login.LoginTests" name="login_with_invalid_userid_and_psd" time="5.221"/>
  <testcase classname="net.automationpractice.login.LoginTests" name="login_with_valid_userid_and_invalid_pwd" time="4.502"/>
  <testcase classname="net.automationpractice.login.LoginTests" name="login_with_valid_userid_and_pwd" time="2.561"/>
</testsuite> <!-- login test with chrome browser -->
