<?xml version="1.0" encoding="UTF-8"?>
<!-- Generated by org.testng.reporters.JUnitXMLReporter -->
<testsuite ignored="0" hostname="LAPTOP-0F50EI7N" failures="0" tests="6" name="all login Test" time="86.075" errors="0" timestamp="2020-04-23T18:31:53 EDT">
  <testcase classname="com.automationpractice.login.LoginTests" name="Login_with_invalid_userid" time="11.187"/>
  <testcase classname="com.automationpractice.login.LoginTests" name="Login_with_valid_userid_and_password" time="8.398"/>
  <testcase classname="com.automationpractice.login.LoginTests" name="Login_with_valid_userid_but_invalid_password" time="6.108"/>
  <testcase classname="com.automationpractice.registration.RegistrationTest" name="account_with_missing_required_fields" time="8.09"/>
  <testcase classname="com.automationpractice.registration.RegistrationTest1" name="Register_a_new_account_with_missing_required_fields" time="7.733"/>
  <testcase classname="com.automationpractice.search.SearchTest3" name="product_image_view" time="9.683"/>
</testsuite> <!-- all login Test -->
