<?xml version="1.0" encoding="UTF-8"?>
<!-- Generated by org.testng.reporters.JUnitXMLReporter -->
<testsuite ignored="0" hostname="LAPTOP-0F50EI7N" failures="0" tests="3" name="all registration Test" time="44.845" errors="0" timestamp="2020-04-23T18:28:48 EDT">
  <testcase classname="com.automationpractice.registration.RegistrationTest" name="account_with_missing_required_fields" time="7.091"/>
  <testcase classname="com.automationpractice.registration.RegistrationTest1" name="Register_a_new_account_with_missing_required_fields" time="6.502"/>
  <testcase classname="com.automationpractice.search.SearchTest3" name="product_image_view" time="14.539"/>
</testsuite> <!-- all registration Test -->
