<?xml version="1.0" encoding="UTF-8"?>
<!-- Generated by org.testng.reporters.JUnitXMLReporter -->
<testsuite ignored="0" hostname="LAPTOP-0F50EI7N" failures="0" tests="4" name="all login Tests" time="66.571" errors="0" timestamp="2020-04-25T00:10:02 EDT">
  <testcase classname="com.automationpractice.login.LoginTests" name="Login_with_invalid_userid" time="5.908"/>
  <testcase classname="com.automationpractice.profile.ProfileTest2" name="Create_delete_wish_list" time="16.614"/>
  <testcase classname="com.automationpractice.login.LoginTests" name="Login_with_valid_userid_and_password" time="16.453"/>
  <testcase classname="com.automationpractice.login.LoginTests" name="Login_with_valid_userid_but_invalid_password" time="26.344"/>
</testsuite> <!-- all login Tests -->
