<?xml version="1.0" encoding="UTF-8"?>
<!-- Generated by org.testng.reporters.JUnitXMLReporter -->
<testsuite ignored="0" hostname="LAPTOP-0F50EI7N" failures="0" tests="3" name="Test" time="42.441" errors="0" timestamp="2020-04-23T17:35:02 EDT">
  <testcase classname="com.automationpractice.login.LoginTests" name="Login_with_invalid_userid" time="7.364"/>
  <testcase classname="com.automationpractice.login.LoginTests" name="Login_with_valid_userid_and_password" time="11.55"/>
  <testcase classname="com.automationpractice.login.LoginTests" name="Login_with_valid_userid_but_invalid_password" time="6.417"/>
</testsuite> <!-- Test -->
