<?xml version="1.0" encoding="UTF-8"?>
<testng-results ignored="2" total="5" passed="3" failed="0" skipped="0">
  <reporter-output>
  </reporter-output>
  <suite started-at="2020-05-10T22:00:04Z" name="Suite" finished-at="2020-05-10T22:00:33Z" duration-ms="29478">
    <groups>
    </groups>
    <test started-at="2020-05-10T22:00:04Z" name="Regression Test" finished-at="2020-05-10T22:00:33Z" duration-ms="29478">
      <class name="net.automationpractice.com.RegistrationTests">
        <test-method is-config="true" signature="beforeClass()[pri:0, instance:net.automationpractice.com.RegistrationTests@3e27aa33]" started-at="2020-05-10T22:00:24Z" name="beforeClass" finished-at="2020-05-10T22:00:24Z" duration-ms="1" status="PASS">
          <reporter-output>
          </reporter-output>
        </test-method> <!-- beforeClass -->
        <test-method is-config="true" signature="beforeMethod()[pri:0, instance:net.automationpractice.com.RegistrationTests@3e27aa33]" started-at="2020-05-10T22:00:24Z" name="beforeMethod" finished-at="2020-05-10T22:00:27Z" duration-ms="3254" status="PASS">
          <reporter-output>
          </reporter-output>
        </test-method> <!-- beforeMethod -->
        <test-method signature="registratin_form()[pri:0, instance:net.automationpractice.com.RegistrationTests@3e27aa33]" started-at="2020-05-10T22:00:27Z" name="registratin_form" finished-at="2020-05-10T22:00:29Z" duration-ms="1921" status="PASS">
          <reporter-output>
          </reporter-output>
        </test-method> <!-- registratin_form -->
        <test-method is-config="true" signature="afterMethod()[pri:0, instance:net.automationpractice.com.RegistrationTests@3e27aa33]" started-at="2020-05-10T22:00:29Z" name="afterMethod" finished-at="2020-05-10T22:00:33Z" duration-ms="4355" status="PASS">
          <reporter-output>
          </reporter-output>
        </test-method> <!-- afterMethod -->
        <test-method is-config="true" signature="afterClass()[pri:0, instance:net.automationpractice.com.RegistrationTests@3e27aa33]" started-at="2020-05-10T22:00:33Z" name="afterClass" finished-at="2020-05-10T22:00:33Z" duration-ms="1" status="PASS">
          <reporter-output>
          </reporter-output>
        </test-method> <!-- afterClass -->
      </class> <!-- net.automationpractice.com.RegistrationTests -->
      <class name="net.automationpractice.com.LoginTests">
        <test-method is-config="true" signature="beforeSuite()[pri:0, instance:net.automationpractice.com.LoginTests@750e2b97]" started-at="2020-05-10T22:00:03Z" name="beforeSuite" finished-at="2020-05-10T22:00:04Z" duration-ms="151" status="PASS">
          <reporter-output>
          </reporter-output>
        </test-method> <!-- beforeSuite -->
        <test-method is-config="true" signature="beforeClass()[pri:0, instance:net.automationpractice.com.LoginTests@750e2b97]" started-at="2020-05-10T22:00:04Z" name="beforeClass" finished-at="2020-05-10T22:00:04Z" duration-ms="0" status="PASS">
          <reporter-output>
          </reporter-output>
        </test-method> <!-- beforeClass -->
        <test-method is-config="true" signature="beforeMethod()[pri:0, instance:net.automationpractice.com.LoginTests@750e2b97]" started-at="2020-05-10T22:00:04Z" name="beforeMethod" finished-at="2020-05-10T22:00:07Z" duration-ms="3842" status="PASS">
          <reporter-output>
          </reporter-output>
        </test-method> <!-- beforeMethod -->
        <test-method signature="login_001_login_with_valid_userid()[pri:0, instance:net.automationpractice.com.LoginTests@750e2b97]" started-at="2020-05-10T22:00:07Z" name="login_001_login_with_valid_userid" finished-at="2020-05-10T22:00:10Z" duration-ms="2108" status="PASS">
          <reporter-output>
          </reporter-output>
        </test-method> <!-- login_001_login_with_valid_userid -->
        <test-method is-config="true" signature="afterMethod()[pri:0, instance:net.automationpractice.com.LoginTests@750e2b97]" started-at="2020-05-10T22:00:10Z" name="afterMethod" finished-at="2020-05-10T22:00:14Z" duration-ms="4343" status="PASS">
          <reporter-output>
          </reporter-output>
        </test-method> <!-- afterMethod -->
        <test-method is-config="true" signature="beforeMethod()[pri:0, instance:net.automationpractice.com.LoginTests@750e2b97]" started-at="2020-05-10T22:00:14Z" name="beforeMethod" finished-at="2020-05-10T22:00:17Z" duration-ms="3295" status="PASS">
          <reporter-output>
          </reporter-output>
        </test-method> <!-- beforeMethod -->
        <test-method signature="login_002_login_with_valid_userid_but_invalid_password()[pri:0, instance:net.automationpractice.com.LoginTests@750e2b97]" started-at="2020-05-10T22:00:17Z" name="login_002_login_with_valid_userid_but_invalid_password" finished-at="2020-05-10T22:00:19Z" duration-ms="1953" status="PASS">
          <reporter-output>
          </reporter-output>
        </test-method> <!-- login_002_login_with_valid_userid_but_invalid_password -->
        <test-method is-config="true" signature="afterMethod()[pri:0, instance:net.automationpractice.com.LoginTests@750e2b97]" started-at="2020-05-10T22:00:19Z" name="afterMethod" finished-at="2020-05-10T22:00:24Z" duration-ms="4365" status="PASS">
          <reporter-output>
          </reporter-output>
        </test-method> <!-- afterMethod -->
        <test-method is-config="true" signature="afterClass()[pri:0, instance:net.automationpractice.com.LoginTests@750e2b97]" started-at="2020-05-10T22:00:24Z" name="afterClass" finished-at="2020-05-10T22:00:24Z" duration-ms="1" status="PASS">
          <reporter-output>
          </reporter-output>
        </test-method> <!-- afterClass -->
        <test-method is-config="true" signature="afterSuite()[pri:0, instance:net.automationpractice.com.LoginTests@750e2b97]" started-at="2020-05-10T22:00:33Z" name="afterSuite" finished-at="2020-05-10T22:00:33Z" duration-ms="275" status="PASS">
          <reporter-output>
          </reporter-output>
        </test-method> <!-- afterSuite -->
      </class> <!-- net.automationpractice.com.LoginTests -->
    </test> <!-- Regression Test -->
  </suite> <!-- Suite -->
</testng-results>
