<?xml version="1.0" encoding="UTF-8"?>
<testng-results ignored="0" total="1" passed="1" failed="0" skipped="0">
  <reporter-output>
  </reporter-output>
  <suite started-at="2020-05-12T02:10:49Z" name="Test Suite" finished-at="2020-05-12T02:11:02Z" duration-ms="13324">
    <groups>
    </groups>
    <test started-at="2020-05-12T02:10:49Z" name="all product Test" finished-at="2020-05-12T02:11:02Z" duration-ms="13324">
      <class name="com.automationpractice.parameters.TestNGParameters">
        <test-method is-config="true" signature="bm()[pri:0, instance:com.automationpractice.parameters.TestNGParameters@18df8434]" started-at="2020-05-12T02:10:49Z" name="bm" finished-at="2020-05-12T02:10:55Z" duration-ms="6235" status="PASS">
          <reporter-output>
          </reporter-output>
        </test-method> <!-- bm -->
        <test-method signature="test_Ng_para(java.lang.String, java.lang.String, java.lang.String, java.lang.String, java.lang.String, java.lang.String, java.lang.String, java.lang.String, java.lang.String, java.lang.String, java.lang.String, java.lang.String)[pri:0, instance:com.automationpractice.parameters.TestNGParameters@18df8434]" started-at="2020-05-12T02:10:55Z" name="test_Ng_para" finished-at="2020-05-12T02:11:02Z" duration-ms="7061" status="PASS">
          <params>
            <param index="0">
              <value>
                <![CDATA[Faded Short Sleeve T-shirts]]>
              </value>
            </param>
            <param index="1">
              <value>
                <![CDATA[$16.51]]>
              </value>
            </param>
            <param index="2">
              <value>
                <![CDATA[Blouse]]>
              </value>
            </param>
            <param index="3">
              <value>
                <![CDATA[$$27.00]]>
              </value>
            </param>
            <param index="4">
              <value>
                <![CDATA[Printed Dress]]>
              </value>
            </param>
            <param index="5">
              <value>
                <![CDATA[$26.00]]>
              </value>
            </param>
            <param index="6">
              <value>
                <![CDATA[Printed Dress]]>
              </value>
            </param>
            <param index="7">
              <value>
                <![CDATA[$50.99]]>
              </value>
            </param>
            <param index="8">
              <value>
                <![CDATA[Printed Summer Dress ]]>
              </value>
            </param>
            <param index="9">
              <value>
                <![CDATA[$30.50]]>
              </value>
            </param>
            <param index="10">
              <value>
                <![CDATA[Printed Summer Dress ]]>
              </value>
            </param>
            <param index="11">
              <value>
                <![CDATA[$16.40]]>
              </value>
            </param>
          </params>
          <reporter-output>
          </reporter-output>
        </test-method> <!-- test_Ng_para -->
      </class> <!-- com.automationpractice.parameters.TestNGParameters -->
    </test> <!-- all product Test -->
  </suite> <!-- Test Suite -->
</testng-results>
