<?xml version="1.0" encoding="UTF-8"?>
<!-- Generated by org.testng.reporters.JUnitXMLReporter -->
<testsuite ignored="2" hostname="LAPTOP-0F50EI7N" failures="0" tests="3" name="Regression Test" time="29.478" errors="0" timestamp="10 May 2020 22:00:33 GMT">
  <testcase classname="net.automationpractice.com.LoginTests" name="login_001_login_with_valid_userid" time="2.108"/>
  <testcase classname="net.automationpractice.com.LoginTests" name="login_002_login_with_valid_userid_but_invalid_password" time="1.953"/>
  <testcase classname="net.automationpractice.com.RegistrationTests" name="registratin_form" time="1.921"/>
  <testcase classname="net.timentraining.core.TestBase" name="@AfterSuite afterSuite" time="0.0">
    <ignored/>
  </testcase> <!-- @AfterSuite afterSuite -->
  <testcase classname="net.timentraining.core.TestBase" name="@BeforeSuite beforeSuite" time="0.0">
    <ignored/>
  </testcase> <!-- @BeforeSuite beforeSuite -->
</testsuite> <!-- Regression Test -->
