<?xml version="1.0" encoding="UTF-8"?>
<!-- Generated by org.testng.reporters.JUnitXMLReporter -->
<testsuite ignored="0" hostname="LAPTOP-0F50EI7N" failures="0" tests="4" name="Login Tests" time="49.629" errors="0" timestamp="11 May 2020 22:14:32 GMT">
  <testcase classname="com.automationpractice.parallel.LoginTests" name="login_test1" time="2.479"/>
  <testcase classname="com.automationpractice.parallel.LoginTests" name="login_test2" time="2.678"/>
  <testcase classname="com.automationpractice.parallel.LoginTests" name="login_test3" time="11.08"/>
  <testcase classname="com.automationpractice.parallel.LoginTests" name="login_test4" time="6.689"/>
</testsuite> <!-- Login Tests -->
