<?xml version="1.0" encoding="UTF-8"?>
<!-- Generated by org.testng.reporters.JUnitXMLReporter -->
<testsuite ignored="0" hostname="LAPTOP-0F50EI7N" failures="0" tests="4" name="Order Tests" time="70.53" errors="0" timestamp="11 May 2020 22:14:53 GMT">
  <testcase classname="com.automationpractice.parallel.OrderTests" name="order_test1" time="8.698"/>
  <testcase classname="com.automationpractice.parallel.OrderTests" name="order_test2" time="18.323"/>
  <testcase classname="com.automationpractice.parallel.OrderTests" name="order_test3" time="9.206"/>
  <testcase classname="com.automationpractice.parallel.OrderTests" name="order_test4" time="6.55"/>
</testsuite> <!-- Order Tests -->
