<?xml version="1.0" encoding="UTF-8"?>
<!-- Generated by org.testng.reporters.JUnitXMLReporter -->
<testsuite ignored="0" hostname="LAPTOP-0F50EI7N" failures="0" tests="4" name="Purchase Tests" time="146.774" errors="0" timestamp="11 May 2020 22:16:58 GMT">
  <testcase classname="com.automationpractice.parallel.PurchaseTests" name="product_test1" time="64.038"/>
  <testcase classname="com.automationpractice.parallel.PurchaseTests" name="product_test2" time="14.296"/>
  <testcase classname="com.automationpractice.parallel.PurchaseTests" name="product_test3" time="16.32"/>
  <testcase classname="com.automationpractice.parallel.PurchaseTests" name="product_test4" time="20.69"/>
</testsuite> <!-- Purchase Tests -->
