<?xml version="1.0" encoding="UTF-8"?>
<!-- Generated by org.testng.reporters.JUnitXMLReporter -->
<testsuite ignored="0" hostname="LAPTOP-0F50EI7N" failures="0" tests="4" name="Registration Tests" time="88.146" errors="0" timestamp="11 May 2020 22:16:21 GMT">
  <testcase classname="com.automationpractice.parallel.RegistrationTests" name="registration_test1" time="9.079"/>
  <testcase classname="com.automationpractice.parallel.RegistrationTests" name="registration_test2" time="4.792"/>
  <testcase classname="com.automationpractice.parallel.RegistrationTests" name="registration_test3" time="12.168"/>
  <testcase classname="com.automationpractice.parallel.RegistrationTests" name="registration_test4" time="31.651"/>
</testsuite> <!-- Registration Tests -->
