<?xml version="1.0" encoding="UTF-8"?>
<!-- Generated by org.testng.reporters.JUnitXMLReporter -->
<testsuite ignored="2" hostname="LAPTOP-0F50EI7N" failures="0" tests="6" name="regression test with chrome browser" time="92.056" errors="0" timestamp="2020-05-02T01:02:59 EDT">
  <testcase classname="net.automationpractice.login.LoginTests" name="login_with_invalid_userid_and_psd" time="5.09"/>
  <testcase classname="net.automationpractice.login.LoginTests" name="login_with_valid_userid_and_invalid_pwd" time="13.137"/>
  <testcase classname="net.automationpractice.login.LoginTests" name="login_with_valid_userid_and_pwd" time="18.363"/>
  <testcase classname="net.automationpractice.registration.ResgistrationTests" name="register_missing_required_fields_only" time="6.957"/>
  <testcase classname="net.automationpractice.registration.ResgistrationTests" name="register_partial_required_fields_only" time="4.762"/>
  <testcase classname="net.automationpractice.registration.ResgistrationTests" name="register_with_required_fields_only" time="5.961"/>
  <testcase classname="net.timentraining.core.TestBase" name="@AfterSuite afterSuite" time="0.0">
    <ignored/>
  </testcase> <!-- @AfterSuite afterSuite -->
  <testcase classname="net.timentraining.core.TestBase" name="@BeforeSuite beforeSuite" time="0.0">
    <ignored/>
  </testcase> <!-- @BeforeSuite beforeSuite -->
</testsuite> <!-- regression test with chrome browser -->
