<?xml version="1.0" encoding="UTF-8"?>
<!-- Generated by org.testng.reporters.JUnitXMLReporter -->
<testsuite ignored="0" hostname="LAPTOP-0F50EI7N" failures="0" tests="3" name="registration test with chrome browser" time="61.217" errors="0" timestamp="2020-05-02T00:51:34 EDT">
  <testcase classname="net.automationpractice.registration.ResgistrationTests" name="register_missing_required_fields_only" time="3.228"/>
  <testcase classname="net.automationpractice.registration.ResgistrationTests" name="register_partial_required_fields_only" time="19.786"/>
  <testcase classname="net.automationpractice.registration.ResgistrationTests" name="register_with_required_fields_only" time="18.672"/>
</testsuite> <!-- registration test with chrome browser -->
